<?xml version="1.0" encoding="UTF-8"?>
<!-- Generated by org.testng.reporters.JUnitReportReporter -->
<testsuite name="scripts.sampleTest1" tests="3" time="0.012" ignored="0" failures="0" timestamp="19 Feb 2021 21:06:56 GMT" skipped="0" hostname="Shumon" errors="0">
  <testcase name="validateLink" time="0.002" classname="scripts.sampleTest1"/>
  <testcase name="validateMenu" time="0.003" classname="scripts.sampleTest1"/>
  <testcase name="validateElement" time="0.007" classname="scripts.sampleTest1"/>
</testsuite> <!-- scripts.sampleTest1 -->
