<?xml version="1.0" encoding="UTF-8"?>
<!-- Generated by org.testng.reporters.JUnitReportReporter -->
<testsuite name="scripts.sampleTest" tests="2" time="0.053" ignored="0" failures="0" timestamp="20 Feb 2021 18:25:30 GMT" skipped="0" hostname="Shumon" errors="0">
  <testcase name="bmainTestOne" time="0.051" classname="scripts.sampleTest"/>
  <testcase name="cmainTest" time="0.002" classname="scripts.sampleTest"/>
</testsuite> <!-- scripts.sampleTest -->
