<?xml version="1.0" encoding="UTF-8"?>
<!-- Generated by org.testng.reporters.JUnitReportReporter -->
<testsuite name="scripts.yahooSighUp" tests="1" time="10.063" ignored="0" failures="0" timestamp="20 Feb 2021 18:25:30 GMT" skipped="0" hostname="Shumon" errors="0">
  <testcase name="mainTest" time="10.063" classname="scripts.yahooSighUp"/>
</testsuite> <!-- scripts.yahooSighUp -->
