<?xml version="1.0" encoding="UTF-8"?>
<!-- Generated by org.testng.reporters.JUnitReportReporter -->
<testsuite name="scripts.yahooSignupElement" tests="2" time="12.519" ignored="0" failures="0" timestamp="20 Feb 2021 18:34:37 GMT" skipped="0" hostname="Shumon" errors="0">
  <testcase name="validateForm" time="11.623" classname="scripts.yahooSignupElement"/>
  <testcase name="validateElement" time="0.896" classname="scripts.yahooSignupElement"/>
</testsuite> <!-- scripts.yahooSignupElement -->
