<?xml version="1.0" encoding="UTF-8"?>
<!-- Generated by org.testng.reporters.JUnitReportReporter -->
<testsuite name="scripts.yahooTest" tests="2" time="11.887" ignored="0" failures="0" timestamp="20 Feb 2021 18:57:10 GMT" skipped="0" hostname="Shumon" errors="0">
  <testcase name="validateForm" time="11.322" classname="scripts.yahooTest"/>
  <testcase name="validateElement" time="0.565" classname="scripts.yahooTest"/>
</testsuite> <!-- scripts.yahooTest -->
